<?xml version="1.0" encoding="UTF-8"?>
<!-- Generated by org.testng.reporters.JUnitReportReporter -->
<testsuite hostname="LAPTOP-BJQHU9G0" failures="0" tests="1" name="Com.vtiger.compaigns.Test.CreateCampaignWithProductNameTest" time="54.269" errors="0" timestamp="2022-05-26T10:01:13 IST" skipped="0">
  <testcase classname="Com.vtiger.compaigns.Test.CreateCampaignWithProductNameTest" name="createCampaignTest" time="54.269"/>
  <system-out/>
</testsuite> <!-- Com.vtiger.compaigns.Test.CreateCampaignWithProductNameTest -->
