<?xml version="1.0" encoding="UTF-8"?>
<!-- Generated by org.testng.reporters.JUnitReportReporter -->
<testsuite hostname="LAPTOP-BJQHU9G0" failures="0" tests="1" name="Com.vtiger.compaigns.Test.CreateCompaignsTest" time="49.260" errors="0" timestamp="2022-05-26T17:45:33 IST" skipped="0">
  <testcase classname="Com.vtiger.compaigns.Test.CreateCompaignsTest" name="createCompaignnsTest" time="49.260"/>
  <system-out/>
</testsuite> <!-- Com.vtiger.compaigns.Test.CreateCompaignsTest -->
