<?xml version="1.0" encoding="UTF-8"?>
<!-- Generated by org.testng.reporters.JUnitReportReporter -->
<testsuite hostname="LAPTOP-BJQHU9G0" failures="0" tests="1" name="Com.vtiger.practice.DataProvider" time="0.000" errors="0" timestamp="2022-05-17T17:52:37 IST" skipped="1">
  <testcase classname="Com.vtiger.practice.DataProvider" name="dataproviderTest" time="0.000">
    <skipped/>
  </testcase> <!-- dataproviderTest -->
  <system-out/>
</testsuite> <!-- Com.vtiger.practice.DataProvider -->
