<?xml version="1.0" encoding="UTF-8"?>
<!-- Generated by org.testng.reporters.JUnitReportReporter -->
<testsuite hostname="LAPTOP-BJQHU9G0" failures="0" tests="1" name="Com.vtiger.practice.TestNGBasicConfigurationPracticeTest" time="0.020" errors="0" timestamp="2022-05-16T17:37:28 IST" skipped="0">
  <testcase classname="Com.vtiger.practice.TestNGBasicConfigurationPracticeTest" name="testTest" time="0.020"/>
  <system-out>
    <![CDATA[test]]>
  </system-out>
</testsuite> <!-- Com.vtiger.practice.TestNGBasicConfigurationPracticeTest -->
