<?xml version="1.0" encoding="UTF-8"?>
<!-- Generated by org.testng.reporters.JUnitReportReporter -->
<testsuite hostname="LAPTOP-BJQHU9G0" failures="0" tests="1" name="Com.vtiger.compaigns.Test.CreateCompaignsTest" time="95.520" errors="0" timestamp="2022-05-30T17:44:59 IST" skipped="0">
  <testcase classname="Com.vtiger.compaigns.Test.CreateCompaignsTest" name="createCompaignnsTest" time="95.520"/>
  <system-out/>
</testsuite> <!-- Com.vtiger.compaigns.Test.CreateCompaignsTest -->
