<?xml version="1.0" encoding="UTF-8"?>
<!-- Generated by org.testng.reporters.JUnitReportReporter -->
<testsuite hostname="LAPTOP-BJQHU9G0" failures="0" tests="2" name="Com.vtiger.practice.TestNGPractice1Test" time="0.034" errors="0" timestamp="2022-05-22T10:37:30 IST" skipped="0">
  <testcase classname="Com.vtiger.practice.TestNGPractice1Test" name="practicetest2" time="0.006"/>
  <system-out>
    <![CDATA[BasicTestNGConfigurationTest2]]>
  </system-out>
  <testcase classname="Com.vtiger.practice.TestNGPractice1Test" name="practicetest1" time="0.028"/>
  <system-out>
    <![CDATA[BasicTestNGConfigurationTest1]]>
  </system-out>
</testsuite> <!-- Com.vtiger.practice.TestNGPractice1Test -->
