<?xml version="1.0" encoding="UTF-8"?>
<!-- Generated by org.testng.reporters.JUnitReportReporter -->
<testsuite hostname="LAPTOP-BJQHU9G0" failures="0" tests="1" name="Com.vtiger.compaigns.Test.CreateCompaignsTest" time="44.465" errors="0" timestamp="2022-05-31T15:29:34 IST" skipped="0">
  <testcase classname="Com.vtiger.compaigns.Test.CreateCompaignsTest" name="createCompaignnsTest" time="44.465"/>
  <system-out/>
</testsuite> <!-- Com.vtiger.compaigns.Test.CreateCompaignsTest -->
