<?xml version="1.0" encoding="UTF-8"?>
<!-- Generated by org.testng.reporters.JUnitReportReporter -->
<testsuite hostname="LAPTOP-BJQHU9G0" failures="0" tests="2" name="Com.vtiger.practice.practiceTest" time="0.006" errors="0" timestamp="2022-05-16T18:10:56 IST" skipped="0">
  <testcase classname="Com.vtiger.practice.practiceTest" name="practice" time="0.003"/>
  <system-out>
    <![CDATA[practice]]>
  </system-out>
  <testcase classname="Com.vtiger.practice.practiceTest" name="practice1" time="0.003"/>
  <system-out>
    <![CDATA[practice1]]>
  </system-out>
</testsuite> <!-- Com.vtiger.practice.practiceTest -->
