<?xml version="1.0" encoding="UTF-8"?>
<!-- Generated by org.testng.reporters.JUnitReportReporter -->
<testsuite hostname="LAPTOP-BJQHU9G0" failures="0" tests="1" name="Com.vtiger.organizationTest.CreateOrganizationTest" time="74.253" errors="0" timestamp="2022-06-06T14:37:15 IST" skipped="0">
  <testcase classname="Com.vtiger.organizationTest.CreateOrganizationTest" name="CreateOrganization" time="74.253"/>
  <system-out/>
</testsuite> <!-- Com.vtiger.organizationTest.CreateOrganizationTest -->
