<?xml version="1.0" encoding="UTF-8"?>
<!-- Generated by org.testng.reporters.JUnitReportReporter -->
<testsuite hostname="LAPTOP-BJQHU9G0" failures="0" tests="1" name="Com.vtiger.contactsTest.CreateContactsPropertiesFileTest" time="29.786" errors="0" timestamp="2022-05-18T14:57:03 IST" skipped="0">
  <testcase classname="Com.vtiger.contactsTest.CreateContactsPropertiesFileTest" name="createcontactspropertiesTest" time="29.786"/>
  <system-out/>
</testsuite> <!-- Com.vtiger.contactsTest.CreateContactsPropertiesFileTest -->
