<?xml version="1.0" encoding="UTF-8"?>
<!-- Generated by org.testng.reporters.JUnitReportReporter -->
<testsuite hostname="LAPTOP-BJQHU9G0" failures="0" tests="1" name="Com.vtiger.contactsTest.CreateContactsTest" time="37.070" errors="0" timestamp="2022-06-07T15:21:41 IST" skipped="0">
  <testcase classname="Com.vtiger.contactsTest.CreateContactsTest" name="createcontactspropertiesTest" time="37.070"/>
  <system-out/>
</testsuite> <!-- Com.vtiger.contactsTest.CreateContactsTest -->
