<?xml version="1.0" encoding="UTF-8"?>
<!-- Generated by org.testng.reporters.JUnitReportReporter -->
<testsuite hostname="LAPTOP-BJQHU9G0" failures="0" tests="1" name="Com.vtiger.practice.TestNGAssertTest" time="0.027" errors="0" timestamp="2022-05-20T18:14:22 IST" skipped="0">
  <testcase classname="Com.vtiger.practice.TestNGAssertTest" name="practice1Test" time="0.027"/>
  <system-out>
    <![CDATA[a.practice1
b.practice1
c.practice1
d.practice1]]>
  </system-out>
</testsuite> <!-- Com.vtiger.practice.TestNGAssertTest -->
