<?xml version="1.0" encoding="UTF-8"?>
<!-- Generated by org.testng.reporters.JUnitReportReporter -->
<testsuite hostname="LAPTOP-BJQHU9G0" failures="0" tests="1" name="Com.vtiger.practice.CreateOrganizationTest" time="32.159" errors="0" timestamp="2022-06-03T14:16:29 IST" skipped="0">
  <testcase classname="Com.vtiger.practice.CreateOrganizationTest" name="CreateOrganization" time="32.159"/>
  <system-out/>
</testsuite> <!-- Com.vtiger.practice.CreateOrganizationTest -->
