<?xml version="1.0" encoding="UTF-8"?>
<!-- Generated by org.testng.reporters.JUnitReportReporter -->
<testsuite hostname="LAPTOP-BJQHU9G0" failures="0" tests="1" name="Com.vtiger.compaigns.Test.CreateCompaignWithProductNameTest" time="101.127" errors="0" timestamp="2022-05-31T15:28:22 IST" skipped="0">
  <testcase classname="Com.vtiger.compaigns.Test.CreateCompaignWithProductNameTest" name="createCampaignTest" time="101.127"/>
  <system-out/>
</testsuite> <!-- Com.vtiger.compaigns.Test.CreateCompaignWithProductNameTest -->
