<?xml version="1.0" encoding="UTF-8"?>
<!-- Generated by org.testng.reporters.JUnitReportReporter -->
<testsuite hostname="LAPTOP-BJQHU9G0" failures="0" tests="14" name="Com.vtiger.practice.MultipleData" time="0.076" errors="0" timestamp="2022-05-17T18:04:42 IST" skipped="0">
  <testcase classname="Com.vtiger.practice.MultipleData" name="multipledataTest" time="0.003"/>
  <system-out>
    <![CDATA[admin12......>  admin12]]>
  </system-out>
  <testcase classname="Com.vtiger.practice.MultipleData" name="multipledataTest" time="0.004"/>
  <system-out>
    <![CDATA[admin9......>  admin9]]>
  </system-out>
  <testcase classname="Com.vtiger.practice.MultipleData" name="multipledataTest" time="0.019"/>
  <system-out>
    <![CDATA[admin10......>  admin10]]>
  </system-out>
  <testcase classname="Com.vtiger.practice.MultipleData" name="multipledataTest" time="0.005"/>
  <system-out>
    <![CDATA[admin4......>  admin4]]>
  </system-out>
  <testcase classname="Com.vtiger.practice.MultipleData" name="multipledataTest" time="0.003"/>
  <system-out>
    <![CDATA[admin8......>  admin8]]>
  </system-out>
  <testcase classname="Com.vtiger.practice.MultipleData" name="multipledataTest" time="0.003"/>
  <system-out>
    <![CDATA[admin7......>  admin7]]>
  </system-out>
  <testcase classname="Com.vtiger.practice.MultipleData" name="multipledataTest" time="0.003"/>
  <system-out>
    <![CDATA[admin2......>  admin2]]>
  </system-out>
  <testcase classname="Com.vtiger.practice.MultipleData" name="multipledataTest" time="0.002"/>
  <system-out>
    <![CDATA[admin13......>  admin13]]>
  </system-out>
  <testcase classname="Com.vtiger.practice.MultipleData" name="multipledataTest" time="0.002"/>
  <system-out>
    <![CDATA[admin11......>  admin11]]>
  </system-out>
  <testcase classname="Com.vtiger.practice.MultipleData" name="multipledataTest" time="0.016"/>
  <system-out>
    <![CDATA[admin1......>  admin1]]>
  </system-out>
  <testcase classname="Com.vtiger.practice.MultipleData" name="multipledataTest" time="0.003"/>
  <system-out>
    <![CDATA[admin6......>  admin6]]>
  </system-out>
  <testcase classname="Com.vtiger.practice.MultipleData" name="multipledataTest" time="0.007"/>
  <system-out>
    <![CDATA[admin3......>  admin3]]>
  </system-out>
  <testcase classname="Com.vtiger.practice.MultipleData" name="multipledataTest" time="0.003"/>
  <system-out>
    <![CDATA[admin14......>  admin14]]>
  </system-out>
  <testcase classname="Com.vtiger.practice.MultipleData" name="multipledataTest" time="0.003"/>
  <system-out>
    <![CDATA[admin5......>  admin5]]>
  </system-out>
</testsuite> <!-- Com.vtiger.practice.MultipleData -->
