<?xml version="1.0" encoding="UTF-8"?>
<!-- Generated by org.testng.reporters.JUnitReportReporter -->
<testsuite hostname="LAPTOP-BJQHU9G0" failures="0" tests="1" name="Com.vtiger.Document.Project.Test.CreateDocument" time="37.420" errors="0" timestamp="2022-06-07T10:11:00 IST" skipped="0">
  <testcase classname="Com.vtiger.Document.Project.Test.CreateDocument" name="createDocumentWithFrames" time="37.420"/>
  <system-out/>
</testsuite> <!-- Com.vtiger.Document.Project.Test.CreateDocument -->
