<?xml version="1.0" encoding="UTF-8"?>
<!-- Generated by org.testng.reporters.JUnitReportReporter -->
<testsuite hostname="LAPTOP-BJQHU9G0" failures="0" tests="1" name="Com.vtiger.ProductTest.CreateProductPropertiesTest" time="28.663" errors="0" timestamp="2022-05-18T14:50:51 IST" skipped="0">
  <testcase classname="Com.vtiger.ProductTest.CreateProductPropertiesTest" name="createproductpropertiesTest" time="28.663"/>
  <system-out/>
</testsuite> <!-- Com.vtiger.ProductTest.CreateProductPropertiesTest -->
