<?xml version="1.0" encoding="UTF-8"?>
<!-- Generated by org.testng.reporters.JUnitReportReporter -->
<testsuite hostname="LAPTOP-BJQHU9G0" failures="0" tests="1" name="Com.vtiger.practice.CreatenewOrganizationTest" time="36.457" errors="0" timestamp="2022-06-07T15:25:25 IST" skipped="0">
  <testcase classname="Com.vtiger.practice.CreatenewOrganizationTest" name="CreateOrganization" time="36.457"/>
  <system-out/>
</testsuite> <!-- Com.vtiger.practice.CreatenewOrganizationTest -->
