<?xml version="1.0" encoding="UTF-8"?>
<!-- Generated by org.testng.reporters.JUnitReportReporter -->
<testsuite hostname="LAPTOP-BJQHU9G0" failures="0" tests="1" name="Com.vtiger.contactsTest.CreateContactssTest" time="92.909" errors="0" timestamp="2022-05-18T16:41:04 IST" skipped="0">
  <testcase classname="Com.vtiger.contactsTest.CreateContactssTest" name="createcontactspropertiesTest" time="92.909"/>
  <system-out/>
</testsuite> <!-- Com.vtiger.contactsTest.CreateContactssTest -->
